
> @figma/my-make-file@0.0.1 dev
> vite

3:14:23 PM [vite] (client) Re-optimizing dependencies because vite config has changed

  VITE v6.3.5  ready in 763 ms

  ➜  Local:   http://localhost:5173/
  ➜  Network: use --host to expose
3:39:43 PM [vite] (client) hmr update /src/app/App.tsx, /src/styles/index.css
3:39:47 PM [vite] (client) hmr update /src/app/App.tsx, /src/styles/index.css
3:39:57 PM [vite] (client) hmr update /src/app/App.tsx, /src/styles/index.css
4:04:58 PM [vite] (client) hmr update /src/app/components/QuestionBook.tsx, /src/styles/index.css
4:05:16 PM [vite] (client) hmr update /src/app/components/JudgeManual.tsx, /src/styles/index.css
8:49:47 PM [vite] (client) page reload index.html
9:15:06 PM [vite] (client) hmr update /src/app/components/Dashboard.tsx, /src/styles/index.css
9:19:55 PM [vite] (client) hmr update /src/app/components/Dashboard.tsx, /src/styles/index.css
9:19:58 PM [vite] (client) hmr update /src/app/components/Dashboard.tsx, /src/styles/index.css
9:27:25 PM [vite] (client) hmr update /src/app/components/Dashboard.tsx, /src/styles/index.css
9:27:28 PM [vite] (client) hmr update /src/app/components/Dashboard.tsx, /src/styles/index.css
9:28:01 PM [vite] (client) hmr update /src/app/components/Dashboard.tsx, /src/styles/index.css
9:28:04 PM [vite] (client) hmr update /src/app/components/Dashboard.tsx, /src/styles/index.css
9:50:13 PM [vite] (client) hmr update /src/styles/index.css, /src/app/components/Login.tsx, /src/app/components/UserSettings.tsx, /src/app/components/CompetencyModel.tsx, /src/app/components/AssessmentMatrix.tsx, /src/app/components/QuestionBook.tsx, /src/app/components/ReportGeneration.tsx, /src/app/components/JudgeManual.tsx
9:50:34 PM [vite] (client) hmr update /src/app/components/QuestionBook.tsx, /src/styles/index.css
9:50:38 PM [vite] (client) hmr update /src/app/components/QuestionBook.tsx, /src/styles/index.css
9:51:14 PM [vite] (client) hmr update /src/app/components/QuestionBook.tsx, /src/styles/index.css
9:51:36 PM [vite] (client) hmr update /src/app/components/JudgeManual.tsx, /src/styles/index.css
9:51:50 PM [vite] (client) hmr update /src/app/components/JudgeManual.tsx, /src/styles/index.css
9:52:01 PM [vite] (client) hmr update /src/app/components/ReportGeneration.tsx, /src/styles/index.css
9:52:12 PM [vite] (client) hmr update /src/app/components/ReportGeneration.tsx, /src/styles/index.css
1:35:18 AM [vite] (client) hmr update /src/app/components/Dashboard.tsx, /src/styles/index.css
1:40:20 AM [vite] (client) hmr update /src/app/components/Dashboard.tsx, /src/styles/index.css
1:46:51 AM [vite] (client) hmr update /src/styles/index.css, /src/app/components/Login.tsx, /src/app/components/UserSettings.tsx, /src/app/components/CompetencyModel.tsx, /src/app/components/AssessmentMatrix.tsx, /src/app/components/QuestionBook.tsx, /src/app/components/ReportGeneration.tsx, /src/app/components/JudgeManual.tsx
1:47:03 AM [vite] (client) hmr update /src/app/components/UserSettings.tsx, /src/styles/index.css
1:47:15 AM [vite] (client) hmr update /src/app/components/UserSettings.tsx, /src/styles/index.css
1:47:25 AM [vite] (client) hmr update /src/app/components/UserSettings.tsx, /src/styles/index.css
1:47:37 AM [vite] (client) hmr update /src/app/components/UserSettings.tsx, /src/styles/index.css
1:47:52 AM [vite] (client) hmr update /src/app/components/UserSettings.tsx, /src/styles/index.css
3:11:16 PM [vite] (client) hmr update /src/styles/index.css, /src/app/components/Login.tsx, /src/app/components/UserSettings.tsx, /src/app/components/CompetencyModel.tsx, /src/app/components/AssessmentMatrix.tsx, /src/app/components/QuestionBook.tsx, /src/app/components/ReportGeneration.tsx, /src/app/components/JudgeManual.tsx
3:21:58 PM [vite] (client) hmr update /src/styles/index.css, /src/app/components/Login.tsx, /src/app/components/UserSettings.tsx, /src/app/components/CompetencyModel.tsx, /src/app/components/AssessmentMatrix.tsx, /src/app/components/QuestionBook.tsx, /src/app/components/ReportGeneration.tsx, /src/app/components/JudgeManual.tsx
4:28:02 PM [vite] (client) hmr update /src/app/components/AssessmentMatrix.tsx, /src/styles/index.css
4:28:12 PM [vite] (client) hmr update /src/app/components/QuestionBook.tsx, /src/styles/index.css
4:28:31 PM [vite] (client) hmr update /src/app/components/JudgeManual.tsx, /src/styles/index.css
4:36:03 PM [vite] (client) page reload src/app/components/QuestionBookPanel.tsx
4:36:12 PM [vite] (client) page reload src/app/components/QuestionBookPanel.tsx
5:03:39 PM [vite] (client) hmr update /src/app/components/QuestionBook.tsx, /src/styles/index.css
5:26:05 PM [vite] (client) hmr update /src/styles/index.css, /src/app/components/Login.tsx, /src/app/components/UserSettings.tsx, /src/app/components/CompetencyModel.tsx, /src/app/components/AssessmentMatrix.tsx, /src/app/components/QuestionBook.tsx, /src/app/components/ReportGeneration.tsx, /src/app/components/JudgeManual.tsx
5:26:19 PM [vite] (client) hmr update /src/app/components/CompetencyModel.tsx, /src/styles/index.css
5:26:45 PM [vite] (client) hmr update /src/app/components/CompetencyModel.tsx, /src/styles/index.css
5:26:52 PM [vite] (client) hmr update /src/app/components/CompetencyModel.tsx, /src/styles/index.css
5:27:11 PM [vite] (client) hmr update /src/app/components/CompetencyModel.tsx, /src/styles/index.css
5:41:52 PM [vite] (client) hmr update /src/app/components/CompetencyModel.tsx, /src/styles/index.css
5:42:19 PM [vite] (client) hmr update /src/app/components/CompetencyModel.tsx, /src/styles/index.css
7:30:50 PM [vite] (client) hmr update /src/app/components/QuestionBook.tsx, /src/styles/index.css
7:31:00 PM [vite] (client) hmr update /src/app/components/QuestionBook.tsx, /src/styles/index.css
7:31:29 PM [vite] (client) hmr update /src/app/components/QuestionBook.tsx, /src/styles/index.css
7:31:47 PM [vite] (client) hmr update /src/app/components/QuestionBook.tsx, /src/styles/index.css
7:32:06 PM [vite] (client) hmr update /src/app/components/QuestionBook.tsx, /src/styles/index.css
7:38:08 PM [vite] (client) hmr update /src/app/components/QuestionBook.tsx, /src/styles/index.css
7:38:14 PM [vite] (client) hmr update /src/app/components/QuestionBook.tsx, /src/styles/index.css
8:08:32 PM [vite] (client) hmr update /src/app/components/QuestionBook.tsx, /src/styles/index.css
8:55:00 PM [vite] (client) hmr update /src/app/components/QuestionBook.tsx, /src/styles/index.css
8:55:13 PM [vite] (client) hmr update /src/app/components/QuestionBook.tsx, /src/styles/index.css
9:15:12 PM [vite] (client) hmr update /src/app/components/QuestionBook.tsx, /src/styles/index.css
